c:\users\yaohongjin\documents\2.0版本com库\pc端\netlib\release\netlib.pch
c:\users\yaohongjin\documents\2.0版本com库\pc端\netlib\release\vc140.pdb
c:\users\yaohongjin\documents\2.0版本com库\pc端\netlib\release\stdafx.obj
c:\users\yaohongjin\documents\2.0版本com库\pc端\netlib\release\unpacking.obj
c:\users\yaohongjin\documents\2.0版本com库\pc端\netlib\release\transport.obj
c:\users\yaohongjin\documents\2.0版本com库\pc端\netlib\release\transponder.obj
c:\users\yaohongjin\documents\2.0版本com库\pc端\netlib\release\sendthread.obj
c:\users\yaohongjin\documents\2.0版本com库\pc端\netlib\release\remoteserver.obj
c:\users\yaohongjin\documents\2.0版本com库\pc端\netlib\release\recvthread.obj
c:\users\yaohongjin\documents\2.0版本com库\pc端\netlib\release\packing.obj
c:\users\yaohongjin\documents\2.0版本com库\pc端\netlib\release\netlib.obj
c:\users\yaohongjin\documents\2.0版本com库\pc端\netlib\release\netkernel.obj
c:\users\yaohongjin\documents\2.0版本com库\pc端\netlib\release\endpointmgr.obj
c:\users\yaohongjin\documents\2.0版本com库\pc端\netlib\release\consolethread.obj
c:\users\yaohongjin\documents\2.0版本com库\pc端\netlib\release\consoledlg.obj
c:\users\yaohongjin\documents\2.0版本com库\pc端\netlib\release\dllmain.obj
c:\users\yaohongjin\documents\2.0版本com库\pc端\release\netlib.dll
c:\users\yaohongjin\documents\2.0版本com库\pc端\symbol\netlib.map
c:\users\yaohongjin\documents\2.0版本com库\pc端\symbol\netlib.pdb
c:\users\yaohongjin\documents\2.0版本com库\pc端\release\netlib.lib
c:\users\yaohongjin\documents\2.0版本com库\pc端\release\netlib.exp
c:\users\yaohongjin\documents\2.0版本com库\pc端\netlib\release\netlib.res
c:\users\yaohongjin\documents\2.0版本com库\pc端\netlib\release\netlib.tlog\cl.command.1.tlog
c:\users\yaohongjin\documents\2.0版本com库\pc端\netlib\release\netlib.tlog\cl.read.1.tlog
c:\users\yaohongjin\documents\2.0版本com库\pc端\netlib\release\netlib.tlog\cl.write.1.tlog
c:\users\yaohongjin\documents\2.0版本com库\pc端\netlib\release\netlib.tlog\link.command.1.tlog
c:\users\yaohongjin\documents\2.0版本com库\pc端\netlib\release\netlib.tlog\link.read.1.tlog
c:\users\yaohongjin\documents\2.0版本com库\pc端\netlib\release\netlib.tlog\link.write.1.tlog
c:\users\yaohongjin\documents\2.0版本com库\pc端\netlib\release\netlib.tlog\netlib.write.1u.tlog
c:\users\yaohongjin\documents\2.0版本com库\pc端\netlib\release\netlib.tlog\rc.command.1.tlog
c:\users\yaohongjin\documents\2.0版本com库\pc端\netlib\release\netlib.tlog\rc.read.1.tlog
c:\users\yaohongjin\documents\2.0版本com库\pc端\netlib\release\netlib.tlog\rc.write.1.tlog
