  stdafx.cpp
  ConsoleDlg.cpp
  ConsoleThread.cpp
  EndPointMgr.cpp
  NetKernel.cpp
  NetLib.cpp
  Packing.cpp
  RecvThread.cpp
  RemoteServer.cpp
  SendThread.cpp
  Transponder.cpp
  Transport.cpp
  Unpacking.cpp
  正在生成代码...
  dllmain.cpp
  SkyrayLib.lib(SkyrayUtil.obj) : 找到 MSIL .netmodule 或使用 /GL 编译的模块；正在使用 /LTCG 重新启动链接；将 /LTCG 添加到链接命令行以改进链接器性能
    正在创建库 C:\Users\yaohongjin\Documents\2.0版本com库\PC端\Release\NetLib.lib 和对象 C:\Users\yaohongjin\Documents\2.0版本com库\PC端\Release\NetLib.exp
  正在生成代码
  已完成代码的生成
  NetLib.vcxproj -> C:\Users\yaohongjin\Documents\2.0版本com库\PC端\Release\NetLib.dll
