c:\users\yaohongjin\documents\2.0版本com库\pc端\xrfnet\release\xrfnet.pch
c:\users\yaohongjin\documents\2.0版本com库\pc端\xrfnet\release\vc140.pdb
c:\users\yaohongjin\documents\2.0版本com库\pc端\xrfnet\release\stdafx.obj
c:\users\yaohongjin\documents\2.0版本com库\pc端\xrfnet\release\xrfraytube.obj
c:\users\yaohongjin\documents\2.0版本com库\pc端\xrfnet\release\xrfnetwork.obj
c:\users\yaohongjin\documents\2.0版本com库\pc端\xrfnet\release\xrfnet.obj
c:\users\yaohongjin\documents\2.0版本com库\pc端\xrfnet\release\vacuumpump.obj
c:\users\yaohongjin\documents\2.0版本com库\pc端\xrfnet\release\surfacesource.obj
c:\users\yaohongjin\documents\2.0版本com库\pc端\xrfnet\release\motorcontrol.obj
c:\users\yaohongjin\documents\2.0版本com库\pc端\xrfnet\release\highvoltage.obj
c:\users\yaohongjin\documents\2.0版本com库\pc端\xrfnet\release\heightlaser.obj
c:\users\yaohongjin\documents\2.0版本com库\pc端\xrfnet\release\eventmgr.obj
c:\users\yaohongjin\documents\2.0版本com库\pc端\xrfnet\release\eventdef.obj
c:\users\yaohongjin\documents\2.0版本com库\pc端\xrfnet\release\electromagnet.obj
c:\users\yaohongjin\documents\2.0版本com库\pc端\xrfnet\release\detector.obj
c:\users\yaohongjin\documents\2.0版本com库\pc端\xrfnet\release\detectdata.obj
c:\users\yaohongjin\documents\2.0版本com库\pc端\xrfnet\release\apparatus.obj
c:\users\yaohongjin\documents\2.0版本com库\pc端\xrfnet\release\xrfnet_i.obj
c:\users\yaohongjin\documents\2.0版本com库\pc端\xrfnet\release\dlldatax.obj
c:\users\yaohongjin\documents\2.0版本com库\pc端\xrfnet\release\dllmain.obj
c:\users\yaohongjin\documents\2.0版本com库\pc端\release\xrfnet.dll
c:\users\yaohongjin\documents\2.0版本com库\pc端\symbol\xrfnet.map
c:\users\yaohongjin\documents\2.0版本com库\pc端\symbol\xrfnet.pdb
c:\users\yaohongjin\documents\2.0版本com库\pc端\xrfnet\release\xrfnet.tlb
c:\users\yaohongjin\documents\2.0版本com库\pc端\xrfnet\xrfnet_p.c
c:\users\yaohongjin\documents\2.0版本com库\pc端\xrfnet\xrfnet_i.c
c:\users\yaohongjin\documents\2.0版本com库\pc端\xrfnet\xrfnet_i.h
c:\users\yaohongjin\documents\2.0版本com库\pc端\xrfnet\release\xrfnet.res
c:\users\yaohongjin\documents\2.0版本com库\pc端\release\xrfnet.lib
c:\users\yaohongjin\documents\2.0版本com库\pc端\release\xrfnet.exp
c:\users\yaohongjin\documents\2.0版本com库\pc端\xrfnet\release\xrfnet.tlog\cl.command.1.tlog
c:\users\yaohongjin\documents\2.0版本com库\pc端\xrfnet\release\xrfnet.tlog\cl.read.1.tlog
c:\users\yaohongjin\documents\2.0版本com库\pc端\xrfnet\release\xrfnet.tlog\cl.write.1.tlog
c:\users\yaohongjin\documents\2.0版本com库\pc端\xrfnet\release\xrfnet.tlog\link.command.1.tlog
c:\users\yaohongjin\documents\2.0版本com库\pc端\xrfnet\release\xrfnet.tlog\link.read.1.tlog
c:\users\yaohongjin\documents\2.0版本com库\pc端\xrfnet\release\xrfnet.tlog\link.write.1.tlog
c:\users\yaohongjin\documents\2.0版本com库\pc端\xrfnet\release\xrfnet.tlog\midl.command.1.tlog
c:\users\yaohongjin\documents\2.0版本com库\pc端\xrfnet\release\xrfnet.tlog\midl.read.1.tlog
c:\users\yaohongjin\documents\2.0版本com库\pc端\xrfnet\release\xrfnet.tlog\midl.write.1.tlog
c:\users\yaohongjin\documents\2.0版本com库\pc端\xrfnet\release\xrfnet.tlog\rc.command.1.tlog
c:\users\yaohongjin\documents\2.0版本com库\pc端\xrfnet\release\xrfnet.tlog\rc.read.1.tlog
c:\users\yaohongjin\documents\2.0版本com库\pc端\xrfnet\release\xrfnet.tlog\rc.write.1.tlog
c:\users\yaohongjin\documents\2.0版本com库\pc端\xrfnet\release\xrfnet.tlog\xrfnet.write.1u.tlog
